<?xml version="1.0" encoding="UTF-8"?>
<testsuite xmlns:xsi="http://www.w3.org/2001/XMLSchema-instance" xsi:noNamespaceSchemaLocation="https://maven.apache.org/surefire/maven-surefire-plugin/xsd/surefire-test-report-3.0.xsd" version="3.0" name="TestSuite" time="13.414" tests="5" errors="0" skipped="0" failures="1">
  <properties>
    <property name="gopherProxySet" value="false"/>
    <property name="awt.toolkit" value="sun.lwawt.macosx.LWCToolkit"/>
    <property name="java.specification.version" value="11"/>
    <property name="webdriver.chrome.driver" value="/Users/monalmodha/eclipse-workspace-udemy/E2ENewProject_28/src/main/java/resources/chromedriver"/>
    <property name="sun.cpu.isalist" value=""/>
    <property name="sun.jnu.encoding" value="UTF-8"/>
    <property name="java.class.path" value="/Users/monalmodha/eclipse-workspace-udemy/E2ENewProject_28/target/test-classes:/Users/monalmodha/eclipse-workspace-udemy/E2ENewProject_28/target/classes:/Users/monalmodha/.m2/repository/org/seleniumhq/selenium/selenium-java/4.1.0/selenium-java-4.1.0.jar:/Users/monalmodha/.m2/repository/org/seleniumhq/selenium/selenium-api/4.1.0/selenium-api-4.1.0.jar:/Users/monalmodha/.m2/repository/org/seleniumhq/selenium/selenium-chrome-driver/4.1.0/selenium-chrome-driver-4.1.0.jar:/Users/monalmodha/.m2/repository/com/google/auto/service/auto-service-annotations/1.0.1/auto-service-annotations-1.0.1.jar:/Users/monalmodha/.m2/repository/com/google/auto/service/auto-service/1.0.1/auto-service-1.0.1.jar:/Users/monalmodha/.m2/repository/com/google/auto/auto-common/1.2/auto-common-1.2.jar:/Users/monalmodha/.m2/repository/com/google/guava/guava/31.0.1-jre/guava-31.0.1-jre.jar:/Users/monalmodha/.m2/repository/com/google/guava/failureaccess/1.0.1/failureaccess-1.0.1.jar:/Users/monalmodha/.m2/repository/com/google/guava/listenablefuture/9999.0-empty-to-avoid-conflict-with-guava/listenablefuture-9999.0-empty-to-avoid-conflict-with-guava.jar:/Users/monalmodha/.m2/repository/org/checkerframework/checker-qual/3.12.0/checker-qual-3.12.0.jar:/Users/monalmodha/.m2/repository/com/google/errorprone/error_prone_annotations/2.7.1/error_prone_annotations-2.7.1.jar:/Users/monalmodha/.m2/repository/com/google/j2objc/j2objc-annotations/1.3/j2objc-annotations-1.3.jar:/Users/monalmodha/.m2/repository/org/seleniumhq/selenium/selenium-chromium-driver/4.1.0/selenium-chromium-driver-4.1.0.jar:/Users/monalmodha/.m2/repository/org/seleniumhq/selenium/selenium-json/4.1.0/selenium-json-4.1.0.jar:/Users/monalmodha/.m2/repository/org/seleniumhq/selenium/selenium-devtools-v85/4.1.0/selenium-devtools-v85-4.1.0.jar:/Users/monalmodha/.m2/repository/org/seleniumhq/selenium/selenium-devtools-v94/4.1.0/selenium-devtools-v94-4.1.0.jar:/Users/monalmodha/.m2/repository/org/seleniumhq/selenium/selenium-devtools-v95/4.1.0/selenium-devtools-v95-4.1.0.jar:/Users/monalmodha/.m2/repository/org/seleniumhq/selenium/selenium-devtools-v96/4.1.0/selenium-devtools-v96-4.1.0.jar:/Users/monalmodha/.m2/repository/org/seleniumhq/selenium/selenium-edge-driver/4.1.0/selenium-edge-driver-4.1.0.jar:/Users/monalmodha/.m2/repository/org/seleniumhq/selenium/selenium-firefox-driver/4.1.0/selenium-firefox-driver-4.1.0.jar:/Users/monalmodha/.m2/repository/org/seleniumhq/selenium/selenium-firefox-xpi-driver/4.1.0/selenium-firefox-xpi-driver-4.1.0.jar:/Users/monalmodha/.m2/repository/org/seleniumhq/selenium/selenium-ie-driver/4.1.0/selenium-ie-driver-4.1.0.jar:/Users/monalmodha/.m2/repository/org/seleniumhq/selenium/selenium-opera-driver/4.1.0/selenium-opera-driver-4.1.0.jar:/Users/monalmodha/.m2/repository/org/seleniumhq/selenium/selenium-remote-driver/4.1.0/selenium-remote-driver-4.1.0.jar:/Users/monalmodha/.m2/repository/io/netty/netty-buffer/4.1.69.Final/netty-buffer-4.1.69.Final.jar:/Users/monalmodha/.m2/repository/io/netty/netty-codec-http/4.1.69.Final/netty-codec-http-4.1.69.Final.jar:/Users/monalmodha/.m2/repository/io/netty/netty-codec/4.1.69.Final/netty-codec-4.1.69.Final.jar:/Users/monalmodha/.m2/repository/io/netty/netty-handler/4.1.69.Final/netty-handler-4.1.69.Final.jar:/Users/monalmodha/.m2/repository/io/netty/netty-common/4.1.69.Final/netty-common-4.1.69.Final.jar:/Users/monalmodha/.m2/repository/io/netty/netty-transport-native-epoll/4.1.69.Final/netty-transport-native-epoll-4.1.69.Final.jar:/Users/monalmodha/.m2/repository/io/netty/netty-transport-native-kqueue/4.1.69.Final/netty-transport-native-kqueue-4.1.69.Final.jar:/Users/monalmodha/.m2/repository/io/netty/netty-transport-native-unix-common/4.1.69.Final/netty-transport-native-unix-common-4.1.69.Final.jar:/Users/monalmodha/.m2/repository/io/netty/netty-transport/4.1.69.Final/netty-transport-4.1.69.Final.jar:/Users/monalmodha/.m2/repository/io/netty/netty-resolver/4.1.69.Final/netty-resolver-4.1.69.Final.jar:/Users/monalmodha/.m2/repository/io/opentelemetry/opentelemetry-api/1.9.0/opentelemetry-api-1.9.0.jar:/Users/monalmodha/.m2/repository/io/opentelemetry/opentelemetry-context/1.9.0/opentelemetry-context-1.9.0.jar:/Users/monalmodha/.m2/repository/io/opentelemetry/opentelemetry-exporter-logging/1.9.0/opentelemetry-exporter-logging-1.9.0.jar:/Users/monalmodha/.m2/repository/io/opentelemetry/opentelemetry-sdk-metrics/1.9.0-alpha/opentelemetry-sdk-metrics-1.9.0-alpha.jar:/Users/monalmodha/.m2/repository/io/opentelemetry/opentelemetry-sdk-logs/1.9.0-alpha/opentelemetry-sdk-logs-1.9.0-alpha.jar:/Users/monalmodha/.m2/repository/com/fasterxml/jackson/core/jackson-databind/2.13.0/jackson-databind-2.13.0.jar:/Users/monalmodha/.m2/repository/com/fasterxml/jackson/core/jackson-annotations/2.13.0/jackson-annotations-2.13.0.jar:/Users/monalmodha/.m2/repository/com/fasterxml/jackson/core/jackson-core/2.13.0/jackson-core-2.13.0.jar:/Users/monalmodha/.m2/repository/io/opentelemetry/opentelemetry-sdk-common/1.9.0/opentelemetry-sdk-common-1.9.0.jar:/Users/monalmodha/.m2/repository/io/opentelemetry/opentelemetry-sdk-extension-autoconfigure-spi/1.9.0/opentelemetry-sdk-extension-autoconfigure-spi-1.9.0.jar:/Users/monalmodha/.m2/repository/io/opentelemetry/opentelemetry-sdk-extension-autoconfigure/1.9.0-alpha/opentelemetry-sdk-extension-autoconfigure-1.9.0-alpha.jar:/Users/monalmodha/.m2/repository/io/opentelemetry/opentelemetry-sdk-trace/1.9.0/opentelemetry-sdk-trace-1.9.0.jar:/Users/monalmodha/.m2/repository/io/opentelemetry/opentelemetry-api-metrics/1.9.0-alpha/opentelemetry-api-metrics-1.9.0-alpha.jar:/Users/monalmodha/.m2/repository/io/opentelemetry/opentelemetry-sdk/1.9.0/opentelemetry-sdk-1.9.0.jar:/Users/monalmodha/.m2/repository/io/opentelemetry/opentelemetry-semconv/1.9.0-alpha/opentelemetry-semconv-1.9.0-alpha.jar:/Users/monalmodha/.m2/repository/io/ous/jtoml/2.0.0/jtoml-2.0.0.jar:/Users/monalmodha/.m2/repository/net/bytebuddy/byte-buddy/1.12.1/byte-buddy-1.12.1.jar:/Users/monalmodha/.m2/repository/org/apache/commons/commons-exec/1.3/commons-exec-1.3.jar:/Users/monalmodha/.m2/repository/org/asynchttpclient/async-http-client/2.12.3/async-http-client-2.12.3.jar:/Users/monalmodha/.m2/repository/org/asynchttpclient/async-http-client-netty-utils/2.12.3/async-http-client-netty-utils-2.12.3.jar:/Users/monalmodha/.m2/repository/io/netty/netty-codec-socks/4.1.60.Final/netty-codec-socks-4.1.60.Final.jar:/Users/monalmodha/.m2/repository/io/netty/netty-handler-proxy/4.1.60.Final/netty-handler-proxy-4.1.60.Final.jar:/Users/monalmodha/.m2/repository/io/netty/netty-transport-native-epoll/4.1.60.Final/netty-transport-native-epoll-4.1.60.Final-linux-x86_64.jar:/Users/monalmodha/.m2/repository/io/netty/netty-transport-native-kqueue/4.1.60.Final/netty-transport-native-kqueue-4.1.60.Final-osx-x86_64.jar:/Users/monalmodha/.m2/repository/com/typesafe/netty/netty-reactive-streams/2.0.4/netty-reactive-streams-2.0.4.jar:/Users/monalmodha/.m2/repository/com/sun/activation/jakarta.activation/1.2.2/jakarta.activation-1.2.2.jar:/Users/monalmodha/.m2/repository/org/seleniumhq/selenium/selenium-http/4.1.0/selenium-http-4.1.0.jar:/Users/monalmodha/.m2/repository/net/jodah/failsafe/2.4.4/failsafe-2.4.4.jar:/Users/monalmodha/.m2/repository/org/seleniumhq/selenium/selenium-safari-driver/4.1.0/selenium-safari-driver-4.1.0.jar:/Users/monalmodha/.m2/repository/org/seleniumhq/selenium/selenium-support/4.1.0/selenium-support-4.1.0.jar:/Users/monalmodha/.m2/repository/org/testng/testng/7.5/testng-7.5.jar:/Users/monalmodha/.m2/repository/com/google/code/findbugs/jsr305/3.0.1/jsr305-3.0.1.jar:/Users/monalmodha/.m2/repository/org/slf4j/slf4j-api/1.7.32/slf4j-api-1.7.32.jar:/Users/monalmodha/.m2/repository/com/beust/jcommander/1.78/jcommander-1.78.jar:/Users/monalmodha/.m2/repository/org/webjars/jquery/3.5.1/jquery-3.5.1.jar:/Users/monalmodha/.m2/repository/org/apache/logging/log4j/log4j-api/2.17.1/log4j-api-2.17.1.jar:/Users/monalmodha/.m2/repository/org/apache/logging/log4j/log4j-core/2.17.1/log4j-core-2.17.1.jar:/Users/monalmodha/.m2/repository/commons-io/commons-io/2.11.0/commons-io-2.11.0.jar:/Users/monalmodha/.m2/repository/com/aventstack/extentreports/5.0.9/extentreports-5.0.9.jar:/Users/monalmodha/.m2/repository/io/reactivex/rxjava3/rxjava/3.0.4/rxjava-3.0.4.jar:/Users/monalmodha/.m2/repository/org/reactivestreams/reactive-streams/1.0.3/reactive-streams-1.0.3.jar:/Users/monalmodha/.m2/repository/org/freemarker/freemarker/2.3.30/freemarker-2.3.30.jar:/Users/monalmodha/.m2/repository/org/projectlombok/lombok/1.18.12/lombok-1.18.12.jar:/Users/monalmodha/.m2/repository/com/google/code/gson/gson/2.8.6/gson-2.8.6.jar:/Users/monalmodha/.m2/repository/org/slf4j/slf4j-nop/1.7.33/slf4j-nop-1.7.33.jar:/Users/monalmodha/.m2/repository/io/cucumber/cucumber-java/7.2.0/cucumber-java-7.2.0.jar:/Users/monalmodha/.m2/repository/org/apiguardian/apiguardian-api/1.1.2/apiguardian-api-1.1.2.jar:/Users/monalmodha/.m2/repository/io/cucumber/cucumber-junit/7.2.0/cucumber-junit-7.2.0.jar:/Users/monalmodha/.m2/repository/junit/junit/4.11/junit-4.11.jar:/Users/monalmodha/.m2/repository/org/hamcrest/hamcrest-core/1.3/hamcrest-core-1.3.jar:/Users/monalmodha/.m2/repository/io/cucumber/cucumber-core/7.2.0/cucumber-core-7.2.0.jar:/Users/monalmodha/.m2/repository/io/cucumber/cucumber-gherkin/7.2.0/cucumber-gherkin-7.2.0.jar:/Users/monalmodha/.m2/repository/io/cucumber/cucumber-gherkin-messages/7.2.0/cucumber-gherkin-messages-7.2.0.jar:/Users/monalmodha/.m2/repository/io/cucumber/messages/17.1.1/messages-17.1.1.jar:/Users/monalmodha/.m2/repository/io/cucumber/tag-expressions/4.1.0/tag-expressions-4.1.0.jar:/Users/monalmodha/.m2/repository/io/cucumber/cucumber-expressions/13.0.1/cucumber-expressions-13.0.1.jar:/Users/monalmodha/.m2/repository/io/cucumber/datatable/7.2.0/datatable-7.2.0.jar:/Users/monalmodha/.m2/repository/io/cucumber/cucumber-plugin/7.2.0/cucumber-plugin-7.2.0.jar:/Users/monalmodha/.m2/repository/io/cucumber/docstring/7.2.0/docstring-7.2.0.jar:/Users/monalmodha/.m2/repository/io/cucumber/html-formatter/17.0.0/html-formatter-17.0.0.jar:/Users/monalmodha/.m2/repository/io/cucumber/ci-environment/8.1.0/ci-environment-8.1.0.jar:"/>
    <property name="java.vm.vendor" value="Oracle Corporation"/>
    <property name="sun.arch.data.model" value="64"/>
    <property name="java.vendor.url" value="https://openjdk.java.net/"/>
    <property name="user.timezone" value="America/Los_Angeles"/>
    <property name="java.vm.specification.version" value="11"/>
    <property name="os.name" value="Mac OS X"/>
    <property name="sun.java.launcher" value="SUN_STANDARD"/>
    <property name="user.country" value="US"/>
    <property name="sun.boot.library.path" value="/Library/Java/JavaVirtualMachines/jdk-11.0.13.jdk/Contents/Home/lib"/>
    <property name="sun.java.command" value="/Users/monalmodha/eclipse-workspace-udemy/E2ENewProject_28/target/surefire/surefirebooter15791950754434110405.jar /Users/monalmodha/eclipse-workspace-udemy/E2ENewProject_28/target/surefire 2022-02-08T17-59-37_096-jvmRun1 surefire7402078838793923345tmp surefire_08180428850934592432tmp"/>
    <property name="http.nonProxyHosts" value="local|*.local|169.254/16|*.169.254/16"/>
    <property name="jdk.debug" value="release"/>
    <property name="surefire.test.class.path" value="/Users/monalmodha/eclipse-workspace-udemy/E2ENewProject_28/target/test-classes:/Users/monalmodha/eclipse-workspace-udemy/E2ENewProject_28/target/classes:/Users/monalmodha/.m2/repository/org/seleniumhq/selenium/selenium-java/4.1.0/selenium-java-4.1.0.jar:/Users/monalmodha/.m2/repository/org/seleniumhq/selenium/selenium-api/4.1.0/selenium-api-4.1.0.jar:/Users/monalmodha/.m2/repository/org/seleniumhq/selenium/selenium-chrome-driver/4.1.0/selenium-chrome-driver-4.1.0.jar:/Users/monalmodha/.m2/repository/com/google/auto/service/auto-service-annotations/1.0.1/auto-service-annotations-1.0.1.jar:/Users/monalmodha/.m2/repository/com/google/auto/service/auto-service/1.0.1/auto-service-1.0.1.jar:/Users/monalmodha/.m2/repository/com/google/auto/auto-common/1.2/auto-common-1.2.jar:/Users/monalmodha/.m2/repository/com/google/guava/guava/31.0.1-jre/guava-31.0.1-jre.jar:/Users/monalmodha/.m2/repository/com/google/guava/failureaccess/1.0.1/failureaccess-1.0.1.jar:/Users/monalmodha/.m2/repository/com/google/guava/listenablefuture/9999.0-empty-to-avoid-conflict-with-guava/listenablefuture-9999.0-empty-to-avoid-conflict-with-guava.jar:/Users/monalmodha/.m2/repository/org/checkerframework/checker-qual/3.12.0/checker-qual-3.12.0.jar:/Users/monalmodha/.m2/repository/com/google/errorprone/error_prone_annotations/2.7.1/error_prone_annotations-2.7.1.jar:/Users/monalmodha/.m2/repository/com/google/j2objc/j2objc-annotations/1.3/j2objc-annotations-1.3.jar:/Users/monalmodha/.m2/repository/org/seleniumhq/selenium/selenium-chromium-driver/4.1.0/selenium-chromium-driver-4.1.0.jar:/Users/monalmodha/.m2/repository/org/seleniumhq/selenium/selenium-json/4.1.0/selenium-json-4.1.0.jar:/Users/monalmodha/.m2/repository/org/seleniumhq/selenium/selenium-devtools-v85/4.1.0/selenium-devtools-v85-4.1.0.jar:/Users/monalmodha/.m2/repository/org/seleniumhq/selenium/selenium-devtools-v94/4.1.0/selenium-devtools-v94-4.1.0.jar:/Users/monalmodha/.m2/repository/org/seleniumhq/selenium/selenium-devtools-v95/4.1.0/selenium-devtools-v95-4.1.0.jar:/Users/monalmodha/.m2/repository/org/seleniumhq/selenium/selenium-devtools-v96/4.1.0/selenium-devtools-v96-4.1.0.jar:/Users/monalmodha/.m2/repository/org/seleniumhq/selenium/selenium-edge-driver/4.1.0/selenium-edge-driver-4.1.0.jar:/Users/monalmodha/.m2/repository/org/seleniumhq/selenium/selenium-firefox-driver/4.1.0/selenium-firefox-driver-4.1.0.jar:/Users/monalmodha/.m2/repository/org/seleniumhq/selenium/selenium-firefox-xpi-driver/4.1.0/selenium-firefox-xpi-driver-4.1.0.jar:/Users/monalmodha/.m2/repository/org/seleniumhq/selenium/selenium-ie-driver/4.1.0/selenium-ie-driver-4.1.0.jar:/Users/monalmodha/.m2/repository/org/seleniumhq/selenium/selenium-opera-driver/4.1.0/selenium-opera-driver-4.1.0.jar:/Users/monalmodha/.m2/repository/org/seleniumhq/selenium/selenium-remote-driver/4.1.0/selenium-remote-driver-4.1.0.jar:/Users/monalmodha/.m2/repository/io/netty/netty-buffer/4.1.69.Final/netty-buffer-4.1.69.Final.jar:/Users/monalmodha/.m2/repository/io/netty/netty-codec-http/4.1.69.Final/netty-codec-http-4.1.69.Final.jar:/Users/monalmodha/.m2/repository/io/netty/netty-codec/4.1.69.Final/netty-codec-4.1.69.Final.jar:/Users/monalmodha/.m2/repository/io/netty/netty-handler/4.1.69.Final/netty-handler-4.1.69.Final.jar:/Users/monalmodha/.m2/repository/io/netty/netty-common/4.1.69.Final/netty-common-4.1.69.Final.jar:/Users/monalmodha/.m2/repository/io/netty/netty-transport-native-epoll/4.1.69.Final/netty-transport-native-epoll-4.1.69.Final.jar:/Users/monalmodha/.m2/repository/io/netty/netty-transport-native-kqueue/4.1.69.Final/netty-transport-native-kqueue-4.1.69.Final.jar:/Users/monalmodha/.m2/repository/io/netty/netty-transport-native-unix-common/4.1.69.Final/netty-transport-native-unix-common-4.1.69.Final.jar:/Users/monalmodha/.m2/repository/io/netty/netty-transport/4.1.69.Final/netty-transport-4.1.69.Final.jar:/Users/monalmodha/.m2/repository/io/netty/netty-resolver/4.1.69.Final/netty-resolver-4.1.69.Final.jar:/Users/monalmodha/.m2/repository/io/opentelemetry/opentelemetry-api/1.9.0/opentelemetry-api-1.9.0.jar:/Users/monalmodha/.m2/repository/io/opentelemetry/opentelemetry-context/1.9.0/opentelemetry-context-1.9.0.jar:/Users/monalmodha/.m2/repository/io/opentelemetry/opentelemetry-exporter-logging/1.9.0/opentelemetry-exporter-logging-1.9.0.jar:/Users/monalmodha/.m2/repository/io/opentelemetry/opentelemetry-sdk-metrics/1.9.0-alpha/opentelemetry-sdk-metrics-1.9.0-alpha.jar:/Users/monalmodha/.m2/repository/io/opentelemetry/opentelemetry-sdk-logs/1.9.0-alpha/opentelemetry-sdk-logs-1.9.0-alpha.jar:/Users/monalmodha/.m2/repository/com/fasterxml/jackson/core/jackson-databind/2.13.0/jackson-databind-2.13.0.jar:/Users/monalmodha/.m2/repository/com/fasterxml/jackson/core/jackson-annotations/2.13.0/jackson-annotations-2.13.0.jar:/Users/monalmodha/.m2/repository/com/fasterxml/jackson/core/jackson-core/2.13.0/jackson-core-2.13.0.jar:/Users/monalmodha/.m2/repository/io/opentelemetry/opentelemetry-sdk-common/1.9.0/opentelemetry-sdk-common-1.9.0.jar:/Users/monalmodha/.m2/repository/io/opentelemetry/opentelemetry-sdk-extension-autoconfigure-spi/1.9.0/opentelemetry-sdk-extension-autoconfigure-spi-1.9.0.jar:/Users/monalmodha/.m2/repository/io/opentelemetry/opentelemetry-sdk-extension-autoconfigure/1.9.0-alpha/opentelemetry-sdk-extension-autoconfigure-1.9.0-alpha.jar:/Users/monalmodha/.m2/repository/io/opentelemetry/opentelemetry-sdk-trace/1.9.0/opentelemetry-sdk-trace-1.9.0.jar:/Users/monalmodha/.m2/repository/io/opentelemetry/opentelemetry-api-metrics/1.9.0-alpha/opentelemetry-api-metrics-1.9.0-alpha.jar:/Users/monalmodha/.m2/repository/io/opentelemetry/opentelemetry-sdk/1.9.0/opentelemetry-sdk-1.9.0.jar:/Users/monalmodha/.m2/repository/io/opentelemetry/opentelemetry-semconv/1.9.0-alpha/opentelemetry-semconv-1.9.0-alpha.jar:/Users/monalmodha/.m2/repository/io/ous/jtoml/2.0.0/jtoml-2.0.0.jar:/Users/monalmodha/.m2/repository/net/bytebuddy/byte-buddy/1.12.1/byte-buddy-1.12.1.jar:/Users/monalmodha/.m2/repository/org/apache/commons/commons-exec/1.3/commons-exec-1.3.jar:/Users/monalmodha/.m2/repository/org/asynchttpclient/async-http-client/2.12.3/async-http-client-2.12.3.jar:/Users/monalmodha/.m2/repository/org/asynchttpclient/async-http-client-netty-utils/2.12.3/async-http-client-netty-utils-2.12.3.jar:/Users/monalmodha/.m2/repository/io/netty/netty-codec-socks/4.1.60.Final/netty-codec-socks-4.1.60.Final.jar:/Users/monalmodha/.m2/repository/io/netty/netty-handler-proxy/4.1.60.Final/netty-handler-proxy-4.1.60.Final.jar:/Users/monalmodha/.m2/repository/io/netty/netty-transport-native-epoll/4.1.60.Final/netty-transport-native-epoll-4.1.60.Final-linux-x86_64.jar:/Users/monalmodha/.m2/repository/io/netty/netty-transport-native-kqueue/4.1.60.Final/netty-transport-native-kqueue-4.1.60.Final-osx-x86_64.jar:/Users/monalmodha/.m2/repository/com/typesafe/netty/netty-reactive-streams/2.0.4/netty-reactive-streams-2.0.4.jar:/Users/monalmodha/.m2/repository/com/sun/activation/jakarta.activation/1.2.2/jakarta.activation-1.2.2.jar:/Users/monalmodha/.m2/repository/org/seleniumhq/selenium/selenium-http/4.1.0/selenium-http-4.1.0.jar:/Users/monalmodha/.m2/repository/net/jodah/failsafe/2.4.4/failsafe-2.4.4.jar:/Users/monalmodha/.m2/repository/org/seleniumhq/selenium/selenium-safari-driver/4.1.0/selenium-safari-driver-4.1.0.jar:/Users/monalmodha/.m2/repository/org/seleniumhq/selenium/selenium-support/4.1.0/selenium-support-4.1.0.jar:/Users/monalmodha/.m2/repository/org/testng/testng/7.5/testng-7.5.jar:/Users/monalmodha/.m2/repository/com/google/code/findbugs/jsr305/3.0.1/jsr305-3.0.1.jar:/Users/monalmodha/.m2/repository/org/slf4j/slf4j-api/1.7.32/slf4j-api-1.7.32.jar:/Users/monalmodha/.m2/repository/com/beust/jcommander/1.78/jcommander-1.78.jar:/Users/monalmodha/.m2/repository/org/webjars/jquery/3.5.1/jquery-3.5.1.jar:/Users/monalmodha/.m2/repository/org/apache/logging/log4j/log4j-api/2.17.1/log4j-api-2.17.1.jar:/Users/monalmodha/.m2/repository/org/apache/logging/log4j/log4j-core/2.17.1/log4j-core-2.17.1.jar:/Users/monalmodha/.m2/repository/commons-io/commons-io/2.11.0/commons-io-2.11.0.jar:/Users/monalmodha/.m2/repository/com/aventstack/extentreports/5.0.9/extentreports-5.0.9.jar:/Users/monalmodha/.m2/repository/io/reactivex/rxjava3/rxjava/3.0.4/rxjava-3.0.4.jar:/Users/monalmodha/.m2/repository/org/reactivestreams/reactive-streams/1.0.3/reactive-streams-1.0.3.jar:/Users/monalmodha/.m2/repository/org/freemarker/freemarker/2.3.30/freemarker-2.3.30.jar:/Users/monalmodha/.m2/repository/org/projectlombok/lombok/1.18.12/lombok-1.18.12.jar:/Users/monalmodha/.m2/repository/com/google/code/gson/gson/2.8.6/gson-2.8.6.jar:/Users/monalmodha/.m2/repository/org/slf4j/slf4j-nop/1.7.33/slf4j-nop-1.7.33.jar:/Users/monalmodha/.m2/repository/io/cucumber/cucumber-java/7.2.0/cucumber-java-7.2.0.jar:/Users/monalmodha/.m2/repository/org/apiguardian/apiguardian-api/1.1.2/apiguardian-api-1.1.2.jar:/Users/monalmodha/.m2/repository/io/cucumber/cucumber-junit/7.2.0/cucumber-junit-7.2.0.jar:/Users/monalmodha/.m2/repository/junit/junit/4.11/junit-4.11.jar:/Users/monalmodha/.m2/repository/org/hamcrest/hamcrest-core/1.3/hamcrest-core-1.3.jar:/Users/monalmodha/.m2/repository/io/cucumber/cucumber-core/7.2.0/cucumber-core-7.2.0.jar:/Users/monalmodha/.m2/repository/io/cucumber/cucumber-gherkin/7.2.0/cucumber-gherkin-7.2.0.jar:/Users/monalmodha/.m2/repository/io/cucumber/cucumber-gherkin-messages/7.2.0/cucumber-gherkin-messages-7.2.0.jar:/Users/monalmodha/.m2/repository/io/cucumber/messages/17.1.1/messages-17.1.1.jar:/Users/monalmodha/.m2/repository/io/cucumber/tag-expressions/4.1.0/tag-expressions-4.1.0.jar:/Users/monalmodha/.m2/repository/io/cucumber/cucumber-expressions/13.0.1/cucumber-expressions-13.0.1.jar:/Users/monalmodha/.m2/repository/io/cucumber/datatable/7.2.0/datatable-7.2.0.jar:/Users/monalmodha/.m2/repository/io/cucumber/cucumber-plugin/7.2.0/cucumber-plugin-7.2.0.jar:/Users/monalmodha/.m2/repository/io/cucumber/docstring/7.2.0/docstring-7.2.0.jar:/Users/monalmodha/.m2/repository/io/cucumber/html-formatter/17.0.0/html-formatter-17.0.0.jar:/Users/monalmodha/.m2/repository/io/cucumber/ci-environment/8.1.0/ci-environment-8.1.0.jar:"/>
    <property name="sun.cpu.endian" value="little"/>
    <property name="user.home" value="/Users/monalmodha"/>
    <property name="user.language" value="en"/>
    <property name="java.specification.vendor" value="Oracle Corporation"/>
    <property name="java.version.date" value="2021-10-19"/>
    <property name="java.home" value="/Library/Java/JavaVirtualMachines/jdk-11.0.13.jdk/Contents/Home"/>
    <property name="file.separator" value="/"/>
    <property name="basedir" value="/Users/monalmodha/eclipse-workspace-udemy/E2ENewProject_28"/>
    <property name="java.vm.compressedOopsMode" value="Zero based"/>
    <property name="line.separator" value="&#10;"/>
    <property name="java.specification.name" value="Java Platform API Specification"/>
    <property name="java.vm.specification.vendor" value="Oracle Corporation"/>
    <property name="java.awt.graphicsenv" value="sun.awt.CGraphicsEnvironment"/>
    <property name="surefire.real.class.path" value="/Users/monalmodha/eclipse-workspace-udemy/E2ENewProject_28/target/surefire/surefirebooter15791950754434110405.jar"/>
    <property name="sun.management.compiler" value="HotSpot 64-Bit Tiered Compilers"/>
    <property name="ftp.nonProxyHosts" value="local|*.local|169.254/16|*.169.254/16"/>
    <property name="java.runtime.version" value="11.0.13+10-LTS-370"/>
    <property name="user.name" value="monalmodha"/>
    <property name="path.separator" value=":"/>
    <property name="os.version" value="10.15.7"/>
    <property name="java.runtime.name" value="Java(TM) SE Runtime Environment"/>
    <property name="file.encoding" value="UTF-8"/>
    <property name="browser" value="chrome"/>
    <property name="sun.nio.ch.bugLevel" value=""/>
    <property name="java.vm.name" value="Java HotSpot(TM) 64-Bit Server VM"/>
    <property name="java.vendor.version" value="18.9"/>
    <property name="localRepository" value="/Users/monalmodha/.m2/repository"/>
    <property name="java.vendor.url.bug" value="https://bugreport.java.com/bugreport/"/>
    <property name="java.io.tmpdir" value="/var/folders/md/9d26jhp110s5yrmnwyqctd6c0000gn/T/"/>
    <property name="java.version" value="11.0.13"/>
    <property name="user.dir" value="/Users/monalmodha/eclipse-workspace-udemy/E2ENewProject_28"/>
    <property name="os.arch" value="x86_64"/>
    <property name="java.vm.specification.name" value="Java Virtual Machine Specification"/>
    <property name="java.awt.printerjob" value="sun.lwawt.macosx.CPrinterJob"/>
    <property name="sun.os.patch.level" value="unknown"/>
    <property name="java.library.path" value="/Users/monalmodha/Library/Java/Extensions:/Library/Java/Extensions:/Network/Library/Java/Extensions:/System/Library/Java/Extensions:/usr/lib/java:."/>
    <property name="java.vendor" value="Oracle Corporation"/>
    <property name="java.vm.info" value="mixed mode"/>
    <property name="java.vm.version" value="11.0.13+10-LTS-370"/>
    <property name="sun.io.unicode.encoding" value="UnicodeBig"/>
    <property name="java.class.version" value="55.0"/>
    <property name="socksNonProxyHosts" value="local|*.local|169.254/16|*.169.254/16"/>
  </properties>
  <testcase name="validateNavigationBar" classname="Academy.ValidateNavigationBar" time="0.072">
    <system-out><![CDATA[BN: chrome
BN: chrome
BN: chrome
Browser is: chrome
Browser is: chrome
Browser is: chrome
Trying to identify navigation bar
]]></system-out>
    <system-err><![CDATA[StartSitnagr tiCSnhgtr aCohrmreotmDiernDirgvi evCreh rr9 8o9.m80e..D04r.7i45v78e5.r88. 089 08( .7(0f7.0f440784858e888e.8bb8aa000 dd8(e8701fe9018470c81689e3812b5a8a017d8c6e6c0321929d519a8b1767ccf642399285d9a-91r6bec7f2f9s4d99/b87bfr94-a9nr8ec9fh--sr/ehbfrsae/anbrcdashn-/ch4he7-a5h8de@sa{/d#4s9/747275}58)8@ @{o{#n#9 977p22}o})r) t o on5 n5p 9op4ro2tr 
tO 5n6l65863y6
 Ol9no3cl
aOyln  llcyoo nclnaeoclct aicloo nncsno enacrnteei coatnlislo noasw reae adl.rl
eoP lwaeeladsl.eo
 wPseelde.e 
ahPstlteep ass:se/e /es chethert ophmtetsdpr:si/:v//er/c.cchhhrrrooomimmueemdd.rroiirvvgee/rrs..eccchhurrrooimmtiiyuum-.mco.rogor/gsn/esscieudcreiutrrya-itctioyon-sncoisnd esfriaotdrie ornsastu igfoognres ss tufigoogrne ss suotgn igkoeeesptinnigso  nCohsrn o mokenDe reikvpeeiren spgaif neC.gh
 rCoChmhrreooDmmreeDirviDevrerir  vwseaasrf e s.st
aarfCteherdo .smu
cecesDCsrfhuilrlvoy.em
reD rwiavse rs twaarst esdt asructceeds ssfuuclcleys.s
fully.
Feb 08, 2022 5:59:42 PM org.openqa.selenium.remote.ProtocolHandshake createSession
INFO: Detected dialect: W3C
Feb 08, 2022 5:59:42 PM org.openqa.selenium.remote.ProtocolHandshake createSession
INFO: Detected dialect: W3C
Feb 08, 2022 5:59:42 PM org.openqa.selenium.remote.ProtocolHandshake createSession
INFO: Detected dialect: W3C
Feb 08, 2022 5:59:42 PM org.openqa.selenium.devtools.CdpVersionFinder findNearestMatch
WARNING: Unable to find an exact match for CDP version 98, so returning the closest version found: 96
Feb 08, 2022 5:59:42 PM org.openqa.selenium.devtools.CdpVersionFinder findNearestMatch
WARNING: Unable to find an exact match for CDP version 98, so returning the closest version found: 96
Feb 08, 2022 5:59:42 PM org.openqa.selenium.devtools.CdpVersionFinder findNearestMatch
WARNING: Unable to find an exact match for CDP version 98, so returning the closest version found: 96
Feb 08, 2022 5:59:42 PM org.openqa.selenium.devtools.CdpVersionFinder findNearestMatch
INFO: Found CDP implementation for version 98 of 96
Feb 08, 2022 5:59:42 PM org.openqa.selenium.devtools.CdpVersionFinder findNearestMatch
INFO: Found CDP implementation for version 98 of 96
Feb 08, 2022 5:59:42 PM org.openqa.selenium.devtools.CdpVersionFinder findNearestMatch
INFO: Found CDP implementation for version 98 of 96
]]></system-err>
  </testcase>
  <testcase name="validateAppTitle" classname="Academy.ValidateTitle" time="0.522">
    <failure message="expected:&lt;FEATURED COURSES&gt; but was:&lt;FEATURED C12562OURSES&gt;" type="java.lang.AssertionError"><![CDATA[java.lang.AssertionError: expected:<FEATURED COURSES> but was:<FEATURED C12562OURSES>
	at Academy.ValidateTitle.validateAppTitle(ValidateTitle.java:46)
]]></failure>
  </testcase>
  <testcase name="validateHeader" classname="Academy.ValidateTitle" time="0.024"/>
  <testcase name="basePageNavigation[nonrestricteduser@qw.com, 123456, Restricted User](1)" classname="Academy.HomePage" time="2.076"/>
  <testcase name="basePageNavigation[restricteduser@qw.com, 456788, Non restricted User](2)" classname="Academy.HomePage" time="2.222"/>
</testsuite>