<?xml version="1.0" encoding="UTF-8"?>
<!-- Generated by org.testng.reporters.JUnitReportReporter -->
<testsuite hostname="Monals-MacBook-Pro.local" failures="0" tests="2" name="cucumberOptions.TestRunner" time="44.545" errors="0" timestamp="2022-02-09T11:24:58 PST" skipped="0">
  <testcase classname="cucumberOptions.TestRunner" name="runScenario" time="14.200"/>
  <system-out/>
  <testcase classname="cucumberOptions.TestRunner" name="runScenario" time="30.345"/>
  <system-out/>
</testsuite> <!-- cucumberOptions.TestRunner -->
