<?xml version="1.0" encoding="UTF-8"?>
<!-- Generated by org.testng.reporters.JUnitReportReporter -->
<testsuite hostname="Monals-MacBook-Pro.local" failures="0" tests="1" name="Academy.AppTest" time="0.008" errors="0" timestamp="2022-01-26T18:21:48 PST" skipped="0">
  <testcase classname="Academy.AppTest" name="testApp" time="0.008"/>
  <system-out/>
</testsuite> <!-- Academy.AppTest -->
