<?xml version="1.0" encoding="UTF-8"?>
<!-- Generated by org.testng.reporters.JUnitReportReporter -->
<testsuite hostname="Monals-MacBook-Pro.local" failures="0" tests="2" name="Academy.HomePage" time="8.270" errors="0" timestamp="2022-02-08T17:59:51 PST" skipped="0">
  <testcase classname="Academy.HomePage" name="basePageNavigation" time="2.222"/>
  <system-out/>
  <testcase classname="Academy.HomePage" name="basePageNavigation" time="6.048"/>
  <system-out/>
</testsuite> <!-- Academy.HomePage -->
