<?xml version="1.0" encoding="UTF-8"?>
<!-- Generated by org.testng.reporters.JUnitReportReporter -->
<testsuite hostname="Monals-MacBook-Pro.local" failures="0" tests="1" name="Academy.ValidateNavigationBar" time="0.068" errors="0" timestamp="2022-02-08T17:59:51 PST" skipped="0">
  <testcase classname="Academy.ValidateNavigationBar" name="validateNavigationBar" time="0.068"/>
  <system-out/>
</testsuite> <!-- Academy.ValidateNavigationBar -->
